{"numFailedTestSuites":1,"numFailedTests":7,"numPassedTestSuites":0,"numPassedTests":0,"numPendingTestSuites":0,"numPendingTests":0,"numRuntimeErrorTestSuites":0,"numTodoTests":0,"numTotalTestSuites":1,"numTotalTests":7,"openHandles":[],"snapshot":{"added":0,"didUpdate":false,"failure":false,"filesAdded":0,"filesRemoved":0,"filesRemovedList":[],"filesUnmatched":0,"filesUpdated":0,"matched":0,"total":0,"unchecked":0,"uncheckedKeysByFile":[],"unmatched":0,"updated":0},"startTime":1678075353345,"success":false,"testResults":[{"leaks":false,"numFailingTests":7,"numPassingTests":0,"numPendingTests":0,"numTodoTests":0,"openHandles":[],"perfStats":{"end":1678075353730,"runtime":334,"slow":false,"start":1678075353396},"skipped":false,"snapshot":{"added":0,"fileDeleted":false,"matched":0,"unchecked":0,"uncheckedKeys":[],"unmatched":0,"updated":0},"testFilePath":"/home/shai/Repos/bootcamp/bootcamp-loops/activate/test/basicLoops.test.js","testResults":[{"ancestorTitles":["addNums"],"duration":3,"failureDetails":[{"matcherResult":{"expected":55,"message":"\u001b[2mexpect(\u001b[22m\u001b[31mreceived\u001b[39m\u001b[2m).\u001b[22mtoBe\u001b[2m(\u001b[22m\u001b[32mexpected\u001b[39m\u001b[2m) // Object.is equality\u001b[22m\n\nExpected: \u001b[32m55\u001b[39m\nReceived: \u001b[31mundefined\u001b[39m","name":"toBe","pass":false}}],"failureMessages":["Error: \u001b[2mexpect(\u001b[22m\u001b[31mreceived\u001b[39m\u001b[2m).\u001b[22mtoBe\u001b[2m(\u001b[22m\u001b[32mexpected\u001b[39m\u001b[2m) // Object.is equality\u001b[22m\n\nExpected: \u001b[32m55\u001b[39m\nReceived: \u001b[31mundefined\u001b[39m\n    at Object.toBe (/home/shai/Repos/bootcamp/bootcamp-loops/activate/test/basicLoops.test.js:11:25)\n    at Promise.then.completed (/home/shai/Repos/bootcamp/bootcamp-loops/activate/node_modules/jest-circus/build/utils.js:293:28)\n    at new Promise (<anonymous>)\n    at callAsyncCircusFn (/home/shai/Repos/bootcamp/bootcamp-loops/activate/node_modules/jest-circus/build/utils.js:226:10)\n    at _callCircusTest (/home/shai/Repos/bootcamp/bootcamp-loops/activate/node_modules/jest-circus/build/run.js:248:40)\n    at _runTest (/home/shai/Repos/bootcamp/bootcamp-loops/activate/node_modules/jest-circus/build/run.js:184:3)\n    at _runTestsForDescribeBlock (/home/shai/Repos/bootcamp/bootcamp-loops/activate/node_modules/jest-circus/build/run.js:86:9)\n    at _runTestsForDescribeBlock (/home/shai/Repos/bootcamp/bootcamp-loops/activate/node_modules/jest-circus/build/run.js:81:9)\n    at run (/home/shai/Repos/bootcamp/bootcamp-loops/activate/node_modules/jest-circus/build/run.js:26:3)\n    at runAndTransformResultsToJestFormat (/home/shai/Repos/bootcamp/bootcamp-loops/activate/node_modules/jest-circus/build/legacy-code-todo-rewrite/jestAdapterInit.js:120:21)\n    at jestAdapter (/home/shai/Repos/bootcamp/bootcamp-loops/activate/node_modules/jest-circus/build/legacy-code-todo-rewrite/jestAdapter.js:79:19)\n    at runTestInternal (/home/shai/Repos/bootcamp/bootcamp-loops/activate/node_modules/jest-runner/build/runTest.js:367:16)\n    at runTest (/home/shai/Repos/bootcamp/bootcamp-loops/activate/node_modules/jest-runner/build/runTest.js:444:34)"],"fullName":"addNums adds the numbers from 1 to 10","invocations":1,"location":null,"numPassingAsserts":0,"retryReasons":[],"status":"failed","title":"adds the numbers from 1 to 10"},{"ancestorTitles":["addNums2"],"duration":0,"failureDetails":[{"matcherResult":{"expected":15150,"message":"\u001b[2mexpect(\u001b[22m\u001b[31mreceived\u001b[39m\u001b[2m).\u001b[22mtoBe\u001b[2m(\u001b[22m\u001b[32mexpected\u001b[39m\u001b[2m) // Object.is equality\u001b[22m\n\nExpected: \u001b[32m15150\u001b[39m\nReceived: \u001b[31mundefined\u001b[39m","name":"toBe","pass":false}}],"failureMessages":["Error: \u001b[2mexpect(\u001b[22m\u001b[31mreceived\u001b[39m\u001b[2m).\u001b[22mtoBe\u001b[2m(\u001b[22m\u001b[32mexpected\u001b[39m\u001b[2m) // Object.is equality\u001b[22m\n\nExpected: \u001b[32m15150\u001b[39m\nReceived: \u001b[31mundefined\u001b[39m\n    at Object.toBe (/home/shai/Repos/bootcamp/bootcamp-loops/activate/test/basicLoops.test.js:19:32)\n    at Promise.then.completed (/home/shai/Repos/bootcamp/bootcamp-loops/activate/node_modules/jest-circus/build/utils.js:293:28)\n    at new Promise (<anonymous>)\n    at callAsyncCircusFn (/home/shai/Repos/bootcamp/bootcamp-loops/activate/node_modules/jest-circus/build/utils.js:226:10)\n    at _callCircusTest (/home/shai/Repos/bootcamp/bootcamp-loops/activate/node_modules/jest-circus/build/run.js:248:40)\n    at _runTest (/home/shai/Repos/bootcamp/bootcamp-loops/activate/node_modules/jest-circus/build/run.js:184:3)\n    at _runTestsForDescribeBlock (/home/shai/Repos/bootcamp/bootcamp-loops/activate/node_modules/jest-circus/build/run.js:86:9)\n    at _runTestsForDescribeBlock (/home/shai/Repos/bootcamp/bootcamp-loops/activate/node_modules/jest-circus/build/run.js:81:9)\n    at run (/home/shai/Repos/bootcamp/bootcamp-loops/activate/node_modules/jest-circus/build/run.js:26:3)\n    at runAndTransformResultsToJestFormat (/home/shai/Repos/bootcamp/bootcamp-loops/activate/node_modules/jest-circus/build/legacy-code-todo-rewrite/jestAdapterInit.js:120:21)\n    at jestAdapter (/home/shai/Repos/bootcamp/bootcamp-loops/activate/node_modules/jest-circus/build/legacy-code-todo-rewrite/jestAdapter.js:79:19)\n    at runTestInternal (/home/shai/Repos/bootcamp/bootcamp-loops/activate/node_modules/jest-runner/build/runTest.js:367:16)\n    at runTest (/home/shai/Repos/bootcamp/bootcamp-loops/activate/node_modules/jest-runner/build/runTest.js:444:34)"],"fullName":"addNums2 adds the numbers from 100 to 200","invocations":1,"location":null,"numPassingAsserts":0,"retryReasons":[],"status":"failed","title":"adds the numbers from 100 to 200"},{"ancestorTitles":["addEvens"],"duration":0,"failureDetails":[{"matcherResult":{"expected":20,"message":"\u001b[2mexpect(\u001b[22m\u001b[31mreceived\u001b[39m\u001b[2m).\u001b[22mtoBe\u001b[2m(\u001b[22m\u001b[32mexpected\u001b[39m\u001b[2m) // Object.is equality\u001b[22m\n\nExpected: \u001b[32m20\u001b[39m\nReceived: \u001b[31mundefined\u001b[39m","name":"toBe","pass":false}}],"failureMessages":["Error: \u001b[2mexpect(\u001b[22m\u001b[31mreceived\u001b[39m\u001b[2m).\u001b[22mtoBe\u001b[2m(\u001b[22m\u001b[32mexpected\u001b[39m\u001b[2m) // Object.is equality\u001b[22m\n\nExpected: \u001b[32m20\u001b[39m\nReceived: \u001b[31mundefined\u001b[39m\n    at Object.toBe (/home/shai/Repos/bootcamp/bootcamp-loops/activate/test/basicLoops.test.js:27:28)\n    at Promise.then.completed (/home/shai/Repos/bootcamp/bootcamp-loops/activate/node_modules/jest-circus/build/utils.js:293:28)\n    at new Promise (<anonymous>)\n    at callAsyncCircusFn (/home/shai/Repos/bootcamp/bootcamp-loops/activate/node_modules/jest-circus/build/utils.js:226:10)\n    at _callCircusTest (/home/shai/Repos/bootcamp/bootcamp-loops/activate/node_modules/jest-circus/build/run.js:248:40)\n    at _runTest (/home/shai/Repos/bootcamp/bootcamp-loops/activate/node_modules/jest-circus/build/run.js:184:3)\n    at _runTestsForDescribeBlock (/home/shai/Repos/bootcamp/bootcamp-loops/activate/node_modules/jest-circus/build/run.js:86:9)\n    at _runTestsForDescribeBlock (/home/shai/Repos/bootcamp/bootcamp-loops/activate/node_modules/jest-circus/build/run.js:81:9)\n    at run (/home/shai/Repos/bootcamp/bootcamp-loops/activate/node_modules/jest-circus/build/run.js:26:3)\n    at runAndTransformResultsToJestFormat (/home/shai/Repos/bootcamp/bootcamp-loops/activate/node_modules/jest-circus/build/legacy-code-todo-rewrite/jestAdapterInit.js:120:21)\n    at jestAdapter (/home/shai/Repos/bootcamp/bootcamp-loops/activate/node_modules/jest-circus/build/legacy-code-todo-rewrite/jestAdapter.js:79:19)\n    at runTestInternal (/home/shai/Repos/bootcamp/bootcamp-loops/activate/node_modules/jest-runner/build/runTest.js:367:16)\n    at runTest (/home/shai/Repos/bootcamp/bootcamp-loops/activate/node_modules/jest-runner/build/runTest.js:444:34)"],"fullName":"addEvens adds the even numbers from 1 to 9","invocations":1,"location":null,"numPassingAsserts":0,"retryReasons":[],"status":"failed","title":"adds the even numbers from 1 to 9"},{"ancestorTitles":["addEvens"],"duration":0,"failureDetails":[{"matcherResult":{"expected":20,"message":"\u001b[2mexpect(\u001b[22m\u001b[31mreceived\u001b[39m\u001b[2m).\u001b[22mtoBe\u001b[2m(\u001b[22m\u001b[32mexpected\u001b[39m\u001b[2m) // Object.is equality\u001b[22m\n\nExpected: \u001b[32m20\u001b[39m\nReceived: \u001b[31mundefined\u001b[39m","name":"toBe","pass":false}}],"failureMessages":["Error: \u001b[2mexpect(\u001b[22m\u001b[31mreceived\u001b[39m\u001b[2m).\u001b[22mtoBe\u001b[2m(\u001b[22m\u001b[32mexpected\u001b[39m\u001b[2m) // Object.is equality\u001b[22m\n\nExpected: \u001b[32m20\u001b[39m\nReceived: \u001b[31mundefined\u001b[39m\n    at Object.toBe (/home/shai/Repos/bootcamp/bootcamp-loops/activate/test/basicLoops.test.js:31:28)\n    at Promise.then.completed (/home/shai/Repos/bootcamp/bootcamp-loops/activate/node_modules/jest-circus/build/utils.js:293:28)\n    at new Promise (<anonymous>)\n    at callAsyncCircusFn (/home/shai/Repos/bootcamp/bootcamp-loops/activate/node_modules/jest-circus/build/utils.js:226:10)\n    at _callCircusTest (/home/shai/Repos/bootcamp/bootcamp-loops/activate/node_modules/jest-circus/build/run.js:248:40)\n    at _runTest (/home/shai/Repos/bootcamp/bootcamp-loops/activate/node_modules/jest-circus/build/run.js:184:3)\n    at _runTestsForDescribeBlock (/home/shai/Repos/bootcamp/bootcamp-loops/activate/node_modules/jest-circus/build/run.js:86:9)\n    at _runTestsForDescribeBlock (/home/shai/Repos/bootcamp/bootcamp-loops/activate/node_modules/jest-circus/build/run.js:81:9)\n    at run (/home/shai/Repos/bootcamp/bootcamp-loops/activate/node_modules/jest-circus/build/run.js:26:3)\n    at runAndTransformResultsToJestFormat (/home/shai/Repos/bootcamp/bootcamp-loops/activate/node_modules/jest-circus/build/legacy-code-todo-rewrite/jestAdapterInit.js:120:21)\n    at jestAdapter (/home/shai/Repos/bootcamp/bootcamp-loops/activate/node_modules/jest-circus/build/legacy-code-todo-rewrite/jestAdapter.js:79:19)\n    at runTestInternal (/home/shai/Repos/bootcamp/bootcamp-loops/activate/node_modules/jest-runner/build/runTest.js:367:16)\n    at runTest (/home/shai/Repos/bootcamp/bootcamp-loops/activate/node_modules/jest-runner/build/runTest.js:444:34)"],"fullName":"addEvens adds the even numbers from 2 to 9","invocations":1,"location":null,"numPassingAsserts":0,"retryReasons":[],"status":"failed","title":"adds the even numbers from 2 to 9"},{"ancestorTitles":["addEvens"],"duration":0,"failureDetails":[{"matcherResult":{"expected":30,"message":"\u001b[2mexpect(\u001b[22m\u001b[31mreceived\u001b[39m\u001b[2m).\u001b[22mtoBe\u001b[2m(\u001b[22m\u001b[32mexpected\u001b[39m\u001b[2m) // Object.is equality\u001b[22m\n\nExpected: \u001b[32m30\u001b[39m\nReceived: \u001b[31mundefined\u001b[39m","name":"toBe","pass":false}}],"failureMessages":["Error: \u001b[2mexpect(\u001b[22m\u001b[31mreceived\u001b[39m\u001b[2m).\u001b[22mtoBe\u001b[2m(\u001b[22m\u001b[32mexpected\u001b[39m\u001b[2m) // Object.is equality\u001b[22m\n\nExpected: \u001b[32m30\u001b[39m\nReceived: \u001b[31mundefined\u001b[39m\n    at Object.toBe (/home/shai/Repos/bootcamp/bootcamp-loops/activate/test/basicLoops.test.js:35:29)\n    at Promise.then.completed (/home/shai/Repos/bootcamp/bootcamp-loops/activate/node_modules/jest-circus/build/utils.js:293:28)\n    at new Promise (<anonymous>)\n    at callAsyncCircusFn (/home/shai/Repos/bootcamp/bootcamp-loops/activate/node_modules/jest-circus/build/utils.js:226:10)\n    at _callCircusTest (/home/shai/Repos/bootcamp/bootcamp-loops/activate/node_modules/jest-circus/build/run.js:248:40)\n    at _runTest (/home/shai/Repos/bootcamp/bootcamp-loops/activate/node_modules/jest-circus/build/run.js:184:3)\n    at _runTestsForDescribeBlock (/home/shai/Repos/bootcamp/bootcamp-loops/activate/node_modules/jest-circus/build/run.js:86:9)\n    at _runTestsForDescribeBlock (/home/shai/Repos/bootcamp/bootcamp-loops/activate/node_modules/jest-circus/build/run.js:81:9)\n    at run (/home/shai/Repos/bootcamp/bootcamp-loops/activate/node_modules/jest-circus/build/run.js:26:3)\n    at runAndTransformResultsToJestFormat (/home/shai/Repos/bootcamp/bootcamp-loops/activate/node_modules/jest-circus/build/legacy-code-todo-rewrite/jestAdapterInit.js:120:21)\n    at jestAdapter (/home/shai/Repos/bootcamp/bootcamp-loops/activate/node_modules/jest-circus/build/legacy-code-todo-rewrite/jestAdapter.js:79:19)\n    at runTestInternal (/home/shai/Repos/bootcamp/bootcamp-loops/activate/node_modules/jest-runner/build/runTest.js:367:16)\n    at runTest (/home/shai/Repos/bootcamp/bootcamp-loops/activate/node_modules/jest-runner/build/runTest.js:444:34)"],"fullName":"addEvens adds the even numbers from 1 to 10","invocations":1,"location":null,"numPassingAsserts":0,"retryReasons":[],"status":"failed","title":"adds the even numbers from 1 to 10"},{"ancestorTitles":["addEvens"],"duration":0,"failureDetails":[{"matcherResult":{"expected":30,"message":"\u001b[2mexpect(\u001b[22m\u001b[31mreceived\u001b[39m\u001b[2m).\u001b[22mtoBe\u001b[2m(\u001b[22m\u001b[32mexpected\u001b[39m\u001b[2m) // Object.is equality\u001b[22m\n\nExpected: \u001b[32m30\u001b[39m\nReceived: \u001b[31mundefined\u001b[39m","name":"toBe","pass":false}}],"failureMessages":["Error: \u001b[2mexpect(\u001b[22m\u001b[31mreceived\u001b[39m\u001b[2m).\u001b[22mtoBe\u001b[2m(\u001b[22m\u001b[32mexpected\u001b[39m\u001b[2m) // Object.is equality\u001b[22m\n\nExpected: \u001b[32m30\u001b[39m\nReceived: \u001b[31mundefined\u001b[39m\n    at Object.toBe (/home/shai/Repos/bootcamp/bootcamp-loops/activate/test/basicLoops.test.js:39:29)\n    at Promise.then.completed (/home/shai/Repos/bootcamp/bootcamp-loops/activate/node_modules/jest-circus/build/utils.js:293:28)\n    at new Promise (<anonymous>)\n    at callAsyncCircusFn (/home/shai/Repos/bootcamp/bootcamp-loops/activate/node_modules/jest-circus/build/utils.js:226:10)\n    at _callCircusTest (/home/shai/Repos/bootcamp/bootcamp-loops/activate/node_modules/jest-circus/build/run.js:248:40)\n    at _runTest (/home/shai/Repos/bootcamp/bootcamp-loops/activate/node_modules/jest-circus/build/run.js:184:3)\n    at _runTestsForDescribeBlock (/home/shai/Repos/bootcamp/bootcamp-loops/activate/node_modules/jest-circus/build/run.js:86:9)\n    at _runTestsForDescribeBlock (/home/shai/Repos/bootcamp/bootcamp-loops/activate/node_modules/jest-circus/build/run.js:81:9)\n    at run (/home/shai/Repos/bootcamp/bootcamp-loops/activate/node_modules/jest-circus/build/run.js:26:3)\n    at runAndTransformResultsToJestFormat (/home/shai/Repos/bootcamp/bootcamp-loops/activate/node_modules/jest-circus/build/legacy-code-todo-rewrite/jestAdapterInit.js:120:21)\n    at jestAdapter (/home/shai/Repos/bootcamp/bootcamp-loops/activate/node_modules/jest-circus/build/legacy-code-todo-rewrite/jestAdapter.js:79:19)\n    at runTestInternal (/home/shai/Repos/bootcamp/bootcamp-loops/activate/node_modules/jest-runner/build/runTest.js:367:16)\n    at runTest (/home/shai/Repos/bootcamp/bootcamp-loops/activate/node_modules/jest-runner/build/runTest.js:444:34)"],"fullName":"addEvens adds the even numbers from 2 to 10","invocations":1,"location":null,"numPassingAsserts":0,"retryReasons":[],"status":"failed","title":"adds the even numbers from 2 to 10"},{"ancestorTitles":["numberString"],"duration":0,"failureDetails":[{"matcherResult":{"expected":"123456789101112131415","message":"\u001b[2mexpect(\u001b[22m\u001b[31mreceived\u001b[39m\u001b[2m).\u001b[22mtoBe\u001b[2m(\u001b[22m\u001b[32mexpected\u001b[39m\u001b[2m) // Object.is equality\u001b[22m\n\nExpected: \u001b[32m\"123456789101112131415\"\u001b[39m\nReceived: \u001b[31mundefined\u001b[39m","name":"toBe","pass":false}}],"failureMessages":["Error: \u001b[2mexpect(\u001b[22m\u001b[31mreceived\u001b[39m\u001b[2m).\u001b[22mtoBe\u001b[2m(\u001b[22m\u001b[32mexpected\u001b[39m\u001b[2m) // Object.is equality\u001b[22m\n\nExpected: \u001b[32m\"123456789101112131415\"\u001b[39m\nReceived: \u001b[31mundefined\u001b[39m\n    at Object.toBe (/home/shai/Repos/bootcamp/bootcamp-loops/activate/test/basicLoops.test.js:47:30)\n    at Promise.then.completed (/home/shai/Repos/bootcamp/bootcamp-loops/activate/node_modules/jest-circus/build/utils.js:293:28)\n    at new Promise (<anonymous>)\n    at callAsyncCircusFn (/home/shai/Repos/bootcamp/bootcamp-loops/activate/node_modules/jest-circus/build/utils.js:226:10)\n    at _callCircusTest (/home/shai/Repos/bootcamp/bootcamp-loops/activate/node_modules/jest-circus/build/run.js:248:40)\n    at _runTest (/home/shai/Repos/bootcamp/bootcamp-loops/activate/node_modules/jest-circus/build/run.js:184:3)\n    at _runTestsForDescribeBlock (/home/shai/Repos/bootcamp/bootcamp-loops/activate/node_modules/jest-circus/build/run.js:86:9)\n    at _runTestsForDescribeBlock (/home/shai/Repos/bootcamp/bootcamp-loops/activate/node_modules/jest-circus/build/run.js:81:9)\n    at run (/home/shai/Repos/bootcamp/bootcamp-loops/activate/node_modules/jest-circus/build/run.js:26:3)\n    at runAndTransformResultsToJestFormat (/home/shai/Repos/bootcamp/bootcamp-loops/activate/node_modules/jest-circus/build/legacy-code-todo-rewrite/jestAdapterInit.js:120:21)\n    at jestAdapter (/home/shai/Repos/bootcamp/bootcamp-loops/activate/node_modules/jest-circus/build/legacy-code-todo-rewrite/jestAdapter.js:79:19)\n    at runTestInternal (/home/shai/Repos/bootcamp/bootcamp-loops/activate/node_modules/jest-runner/build/runTest.js:367:16)\n    at runTest (/home/shai/Repos/bootcamp/bootcamp-loops/activate/node_modules/jest-runner/build/runTest.js:444:34)"],"fullName":"numberString concatenates the numbers from 1 to 15 in a string","invocations":1,"location":null,"numPassingAsserts":0,"retryReasons":[],"status":"failed","title":"concatenates the numbers from 1 to 15 in a string"}],"failureMessage":"\u001b[1m\u001b[31m  \u001b[1m● \u001b[22m\u001b[1maddNums › adds the numbers from 1 to 10\u001b[39m\u001b[22m\n\n    \u001b[2mexpect(\u001b[22m\u001b[31mreceived\u001b[39m\u001b[2m).\u001b[22mtoBe\u001b[2m(\u001b[22m\u001b[32mexpected\u001b[39m\u001b[2m) // Object.is equality\u001b[22m\n\n    Expected: \u001b[32m55\u001b[39m\n    Received: \u001b[31mundefined\u001b[39m\n\u001b[2m\u001b[22m\n\u001b[2m    \u001b[0m \u001b[90m  9 |\u001b[39m\u001b[0m\u001b[22m\n\u001b[2m    \u001b[0m \u001b[90m 10 |\u001b[39m   test(\u001b[32m'adds the numbers from 1 to 10'\u001b[39m\u001b[33m,\u001b[39m () \u001b[33m=>\u001b[39m {\u001b[0m\u001b[22m\n\u001b[2m    \u001b[0m\u001b[31m\u001b[1m>\u001b[22m\u001b[2m\u001b[39m\u001b[90m 11 |\u001b[39m     expect(addNums(\u001b[35m10\u001b[39m))\u001b[33m.\u001b[39mtoBe(\u001b[35m55\u001b[39m)\u001b[0m\u001b[22m\n\u001b[2m    \u001b[0m \u001b[90m    |\u001b[39m                         \u001b[31m\u001b[1m^\u001b[22m\u001b[2m\u001b[39m\u001b[0m\u001b[22m\n\u001b[2m    \u001b[0m \u001b[90m 12 |\u001b[39m   })\u001b[0m\u001b[22m\n\u001b[2m    \u001b[0m \u001b[90m 13 |\u001b[39m\u001b[0m\u001b[22m\n\u001b[2m    \u001b[0m \u001b[90m 14 |\u001b[39m })\u001b[0m\u001b[22m\n\u001b[2m\u001b[22m\n\u001b[2m      \u001b[2mat Object.toBe (\u001b[22m\u001b[2m\u001b[0m\u001b[36mtest/basicLoops.test.js\u001b[39m\u001b[0m\u001b[2m:11:25)\u001b[22m\u001b[2m\u001b[22m\n\n\u001b[1m\u001b[31m  \u001b[1m● \u001b[22m\u001b[1maddNums2 › adds the numbers from 100 to 200\u001b[39m\u001b[22m\n\n    \u001b[2mexpect(\u001b[22m\u001b[31mreceived\u001b[39m\u001b[2m).\u001b[22mtoBe\u001b[2m(\u001b[22m\u001b[32mexpected\u001b[39m\u001b[2m) // Object.is equality\u001b[22m\n\n    Expected: \u001b[32m15150\u001b[39m\n    Received: \u001b[31mundefined\u001b[39m\n\u001b[2m\u001b[22m\n\u001b[2m    \u001b[0m \u001b[90m 17 |\u001b[39m\u001b[0m\u001b[22m\n\u001b[2m    \u001b[0m \u001b[90m 18 |\u001b[39m   test(\u001b[32m'adds the numbers from 100 to 200'\u001b[39m\u001b[33m,\u001b[39m () \u001b[33m=>\u001b[39m {\u001b[0m\u001b[22m\n\u001b[2m    \u001b[0m\u001b[31m\u001b[1m>\u001b[22m\u001b[2m\u001b[39m\u001b[90m 19 |\u001b[39m     expect(addNums2(\u001b[35m100\u001b[39m\u001b[33m,\u001b[39m \u001b[35m200\u001b[39m))\u001b[33m.\u001b[39mtoBe(\u001b[35m15150\u001b[39m)\u001b[0m\u001b[22m\n\u001b[2m    \u001b[0m \u001b[90m    |\u001b[39m                                \u001b[31m\u001b[1m^\u001b[22m\u001b[2m\u001b[39m\u001b[0m\u001b[22m\n\u001b[2m    \u001b[0m \u001b[90m 20 |\u001b[39m   })\u001b[0m\u001b[22m\n\u001b[2m    \u001b[0m \u001b[90m 21 |\u001b[39m\u001b[0m\u001b[22m\n\u001b[2m    \u001b[0m \u001b[90m 22 |\u001b[39m })\u001b[0m\u001b[22m\n\u001b[2m\u001b[22m\n\u001b[2m      \u001b[2mat Object.toBe (\u001b[22m\u001b[2m\u001b[0m\u001b[36mtest/basicLoops.test.js\u001b[39m\u001b[0m\u001b[2m:19:32)\u001b[22m\u001b[2m\u001b[22m\n\n\u001b[1m\u001b[31m  \u001b[1m● \u001b[22m\u001b[1maddEvens › adds the even numbers from 1 to 9\u001b[39m\u001b[22m\n\n    \u001b[2mexpect(\u001b[22m\u001b[31mreceived\u001b[39m\u001b[2m).\u001b[22mtoBe\u001b[2m(\u001b[22m\u001b[32mexpected\u001b[39m\u001b[2m) // Object.is equality\u001b[22m\n\n    Expected: \u001b[32m20\u001b[39m\n    Received: \u001b[31mundefined\u001b[39m\n\u001b[2m\u001b[22m\n\u001b[2m    \u001b[0m \u001b[90m 25 |\u001b[39m\u001b[0m\u001b[22m\n\u001b[2m    \u001b[0m \u001b[90m 26 |\u001b[39m   test(\u001b[32m'adds the even numbers from 1 to 9'\u001b[39m\u001b[33m,\u001b[39m () \u001b[33m=>\u001b[39m {\u001b[0m\u001b[22m\n\u001b[2m    \u001b[0m\u001b[31m\u001b[1m>\u001b[22m\u001b[2m\u001b[39m\u001b[90m 27 |\u001b[39m     expect(addEvens(\u001b[35m1\u001b[39m\u001b[33m,\u001b[39m \u001b[35m9\u001b[39m))\u001b[33m.\u001b[39mtoBe(\u001b[35m20\u001b[39m)\u001b[0m\u001b[22m\n\u001b[2m    \u001b[0m \u001b[90m    |\u001b[39m                            \u001b[31m\u001b[1m^\u001b[22m\u001b[2m\u001b[39m\u001b[0m\u001b[22m\n\u001b[2m    \u001b[0m \u001b[90m 28 |\u001b[39m   })\u001b[0m\u001b[22m\n\u001b[2m    \u001b[0m \u001b[90m 29 |\u001b[39m\u001b[0m\u001b[22m\n\u001b[2m    \u001b[0m \u001b[90m 30 |\u001b[39m   test(\u001b[32m'adds the even numbers from 2 to 9'\u001b[39m\u001b[33m,\u001b[39m () \u001b[33m=>\u001b[39m {\u001b[0m\u001b[22m\n\u001b[2m\u001b[22m\n\u001b[2m      \u001b[2mat Object.toBe (\u001b[22m\u001b[2m\u001b[0m\u001b[36mtest/basicLoops.test.js\u001b[39m\u001b[0m\u001b[2m:27:28)\u001b[22m\u001b[2m\u001b[22m\n\n\u001b[1m\u001b[31m  \u001b[1m● \u001b[22m\u001b[1maddEvens › adds the even numbers from 2 to 9\u001b[39m\u001b[22m\n\n    \u001b[2mexpect(\u001b[22m\u001b[31mreceived\u001b[39m\u001b[2m).\u001b[22mtoBe\u001b[2m(\u001b[22m\u001b[32mexpected\u001b[39m\u001b[2m) // Object.is equality\u001b[22m\n\n    Expected: \u001b[32m20\u001b[39m\n    Received: \u001b[31mundefined\u001b[39m\n\u001b[2m\u001b[22m\n\u001b[2m    \u001b[0m \u001b[90m 29 |\u001b[39m\u001b[0m\u001b[22m\n\u001b[2m    \u001b[0m \u001b[90m 30 |\u001b[39m   test(\u001b[32m'adds the even numbers from 2 to 9'\u001b[39m\u001b[33m,\u001b[39m () \u001b[33m=>\u001b[39m {\u001b[0m\u001b[22m\n\u001b[2m    \u001b[0m\u001b[31m\u001b[1m>\u001b[22m\u001b[2m\u001b[39m\u001b[90m 31 |\u001b[39m     expect(addEvens(\u001b[35m2\u001b[39m\u001b[33m,\u001b[39m \u001b[35m9\u001b[39m))\u001b[33m.\u001b[39mtoBe(\u001b[35m20\u001b[39m)\u001b[0m\u001b[22m\n\u001b[2m    \u001b[0m \u001b[90m    |\u001b[39m                            \u001b[31m\u001b[1m^\u001b[22m\u001b[2m\u001b[39m\u001b[0m\u001b[22m\n\u001b[2m    \u001b[0m \u001b[90m 32 |\u001b[39m   })\u001b[0m\u001b[22m\n\u001b[2m    \u001b[0m \u001b[90m 33 |\u001b[39m\u001b[0m\u001b[22m\n\u001b[2m    \u001b[0m \u001b[90m 34 |\u001b[39m   test(\u001b[32m'adds the even numbers from 1 to 10'\u001b[39m\u001b[33m,\u001b[39m () \u001b[33m=>\u001b[39m {\u001b[0m\u001b[22m\n\u001b[2m\u001b[22m\n\u001b[2m      \u001b[2mat Object.toBe (\u001b[22m\u001b[2m\u001b[0m\u001b[36mtest/basicLoops.test.js\u001b[39m\u001b[0m\u001b[2m:31:28)\u001b[22m\u001b[2m\u001b[22m\n\n\u001b[1m\u001b[31m  \u001b[1m● \u001b[22m\u001b[1maddEvens › adds the even numbers from 1 to 10\u001b[39m\u001b[22m\n\n    \u001b[2mexpect(\u001b[22m\u001b[31mreceived\u001b[39m\u001b[2m).\u001b[22mtoBe\u001b[2m(\u001b[22m\u001b[32mexpected\u001b[39m\u001b[2m) // Object.is equality\u001b[22m\n\n    Expected: \u001b[32m30\u001b[39m\n    Received: \u001b[31mundefined\u001b[39m\n\u001b[2m\u001b[22m\n\u001b[2m    \u001b[0m \u001b[90m 33 |\u001b[39m\u001b[0m\u001b[22m\n\u001b[2m    \u001b[0m \u001b[90m 34 |\u001b[39m   test(\u001b[32m'adds the even numbers from 1 to 10'\u001b[39m\u001b[33m,\u001b[39m () \u001b[33m=>\u001b[39m {\u001b[0m\u001b[22m\n\u001b[2m    \u001b[0m\u001b[31m\u001b[1m>\u001b[22m\u001b[2m\u001b[39m\u001b[90m 35 |\u001b[39m     expect(addEvens(\u001b[35m1\u001b[39m\u001b[33m,\u001b[39m \u001b[35m10\u001b[39m))\u001b[33m.\u001b[39mtoBe(\u001b[35m30\u001b[39m)\u001b[0m\u001b[22m\n\u001b[2m    \u001b[0m \u001b[90m    |\u001b[39m                             \u001b[31m\u001b[1m^\u001b[22m\u001b[2m\u001b[39m\u001b[0m\u001b[22m\n\u001b[2m    \u001b[0m \u001b[90m 36 |\u001b[39m   })\u001b[0m\u001b[22m\n\u001b[2m    \u001b[0m \u001b[90m 37 |\u001b[39m\u001b[0m\u001b[22m\n\u001b[2m    \u001b[0m \u001b[90m 38 |\u001b[39m   test(\u001b[32m'adds the even numbers from 2 to 10'\u001b[39m\u001b[33m,\u001b[39m () \u001b[33m=>\u001b[39m {\u001b[0m\u001b[22m\n\u001b[2m\u001b[22m\n\u001b[2m      \u001b[2mat Object.toBe (\u001b[22m\u001b[2m\u001b[0m\u001b[36mtest/basicLoops.test.js\u001b[39m\u001b[0m\u001b[2m:35:29)\u001b[22m\u001b[2m\u001b[22m\n\n\u001b[1m\u001b[31m  \u001b[1m● \u001b[22m\u001b[1maddEvens › adds the even numbers from 2 to 10\u001b[39m\u001b[22m\n\n    \u001b[2mexpect(\u001b[22m\u001b[31mreceived\u001b[39m\u001b[2m).\u001b[22mtoBe\u001b[2m(\u001b[22m\u001b[32mexpected\u001b[39m\u001b[2m) // Object.is equality\u001b[22m\n\n    Expected: \u001b[32m30\u001b[39m\n    Received: \u001b[31mundefined\u001b[39m\n\u001b[2m\u001b[22m\n\u001b[2m    \u001b[0m \u001b[90m 37 |\u001b[39m\u001b[0m\u001b[22m\n\u001b[2m    \u001b[0m \u001b[90m 38 |\u001b[39m   test(\u001b[32m'adds the even numbers from 2 to 10'\u001b[39m\u001b[33m,\u001b[39m () \u001b[33m=>\u001b[39m {\u001b[0m\u001b[22m\n\u001b[2m    \u001b[0m\u001b[31m\u001b[1m>\u001b[22m\u001b[2m\u001b[39m\u001b[90m 39 |\u001b[39m     expect(addEvens(\u001b[35m2\u001b[39m\u001b[33m,\u001b[39m \u001b[35m10\u001b[39m))\u001b[33m.\u001b[39mtoBe(\u001b[35m30\u001b[39m)\u001b[0m\u001b[22m\n\u001b[2m    \u001b[0m \u001b[90m    |\u001b[39m                             \u001b[31m\u001b[1m^\u001b[22m\u001b[2m\u001b[39m\u001b[0m\u001b[22m\n\u001b[2m    \u001b[0m \u001b[90m 40 |\u001b[39m   })\u001b[0m\u001b[22m\n\u001b[2m    \u001b[0m \u001b[90m 41 |\u001b[39m\u001b[0m\u001b[22m\n\u001b[2m    \u001b[0m \u001b[90m 42 |\u001b[39m })\u001b[0m\u001b[22m\n\u001b[2m\u001b[22m\n\u001b[2m      \u001b[2mat Object.toBe (\u001b[22m\u001b[2m\u001b[0m\u001b[36mtest/basicLoops.test.js\u001b[39m\u001b[0m\u001b[2m:39:29)\u001b[22m\u001b[2m\u001b[22m\n\n\u001b[1m\u001b[31m  \u001b[1m● \u001b[22m\u001b[1mnumberString › concatenates the numbers from 1 to 15 in a string\u001b[39m\u001b[22m\n\n    \u001b[2mexpect(\u001b[22m\u001b[31mreceived\u001b[39m\u001b[2m).\u001b[22mtoBe\u001b[2m(\u001b[22m\u001b[32mexpected\u001b[39m\u001b[2m) // Object.is equality\u001b[22m\n\n    Expected: \u001b[32m\"123456789101112131415\"\u001b[39m\n    Received: \u001b[31mundefined\u001b[39m\n\u001b[2m\u001b[22m\n\u001b[2m    \u001b[0m \u001b[90m 45 |\u001b[39m\u001b[0m\u001b[22m\n\u001b[2m    \u001b[0m \u001b[90m 46 |\u001b[39m   test(\u001b[32m'concatenates the numbers from 1 to 15 in a string'\u001b[39m\u001b[33m,\u001b[39m () \u001b[33m=>\u001b[39m {\u001b[0m\u001b[22m\n\u001b[2m    \u001b[0m\u001b[31m\u001b[1m>\u001b[22m\u001b[2m\u001b[39m\u001b[90m 47 |\u001b[39m     expect(numberString(\u001b[35m15\u001b[39m))\u001b[33m.\u001b[39mtoBe(\u001b[32m'123456789101112131415'\u001b[39m)\u001b[0m\u001b[22m\n\u001b[2m    \u001b[0m \u001b[90m    |\u001b[39m                              \u001b[31m\u001b[1m^\u001b[22m\u001b[2m\u001b[39m\u001b[0m\u001b[22m\n\u001b[2m    \u001b[0m \u001b[90m 48 |\u001b[39m   })\u001b[0m\u001b[22m\n\u001b[2m    \u001b[0m \u001b[90m 49 |\u001b[39m\u001b[0m\u001b[22m\n\u001b[2m    \u001b[0m \u001b[90m 50 |\u001b[39m })\u001b[0m\u001b[22m\n\u001b[2m\u001b[22m\n\u001b[2m      \u001b[2mat Object.toBe (\u001b[22m\u001b[2m\u001b[0m\u001b[36mtest/basicLoops.test.js\u001b[39m\u001b[0m\u001b[2m:47:30)\u001b[22m\u001b[2m\u001b[22m\n"}],"wasInterrupted":false}