{"numFailedTestSuites":1,"numFailedTests":1,"numPassedTestSuites":0,"numPassedTests":0,"numPendingTestSuites":0,"numPendingTests":0,"numRuntimeErrorTestSuites":0,"numTodoTests":0,"numTotalTestSuites":1,"numTotalTests":1,"openHandles":[],"snapshot":{"added":0,"didUpdate":false,"failure":false,"filesAdded":0,"filesRemoved":0,"filesRemovedList":[],"filesUnmatched":0,"filesUpdated":0,"matched":0,"total":0,"unchecked":0,"uncheckedKeysByFile":[],"unmatched":0,"updated":0},"startTime":1677157105781,"success":false,"testResults":[{"leaks":false,"numFailingTests":1,"numPassingTests":0,"numPendingTests":0,"numTodoTests":0,"openHandles":[],"perfStats":{"end":1677157106075,"runtime":244,"slow":false,"start":1677157105831},"skipped":false,"snapshot":{"added":0,"fileDeleted":false,"matched":0,"unchecked":0,"uncheckedKeys":[],"unmatched":0,"updated":0},"testFilePath":"/home/shai/Repos/bootcamp-loops/activate/test/basicLoops.test.js","testResults":[{"ancestorTitles":["addNums"],"duration":3,"failureDetails":[{"matcherResult":{"expected":55,"message":"\u001b[2mexpect(\u001b[22m\u001b[31mreceived\u001b[39m\u001b[2m).\u001b[22mtoBe\u001b[2m(\u001b[22m\u001b[32mexpected\u001b[39m\u001b[2m) // Object.is equality\u001b[22m\n\nExpected: \u001b[32m55\u001b[39m\nReceived: \u001b[31mundefined\u001b[39m","name":"toBe","pass":false}}],"failureMessages":["Error: \u001b[2mexpect(\u001b[22m\u001b[31mreceived\u001b[39m\u001b[2m).\u001b[22mtoBe\u001b[2m(\u001b[22m\u001b[32mexpected\u001b[39m\u001b[2m) // Object.is equality\u001b[22m\n\nExpected: \u001b[32m55\u001b[39m\nReceived: \u001b[31mundefined\u001b[39m\n    at Object.toBe (/home/shai/Repos/bootcamp-loops/activate/test/basicLoops.test.js:6:25)\n    at Promise.then.completed (/home/shai/Repos/bootcamp-loops/activate/node_modules/jest-circus/build/utils.js:293:28)\n    at new Promise (<anonymous>)\n    at callAsyncCircusFn (/home/shai/Repos/bootcamp-loops/activate/node_modules/jest-circus/build/utils.js:226:10)\n    at _callCircusTest (/home/shai/Repos/bootcamp-loops/activate/node_modules/jest-circus/build/run.js:248:40)\n    at _runTest (/home/shai/Repos/bootcamp-loops/activate/node_modules/jest-circus/build/run.js:184:3)\n    at _runTestsForDescribeBlock (/home/shai/Repos/bootcamp-loops/activate/node_modules/jest-circus/build/run.js:86:9)\n    at _runTestsForDescribeBlock (/home/shai/Repos/bootcamp-loops/activate/node_modules/jest-circus/build/run.js:81:9)\n    at run (/home/shai/Repos/bootcamp-loops/activate/node_modules/jest-circus/build/run.js:26:3)\n    at runAndTransformResultsToJestFormat (/home/shai/Repos/bootcamp-loops/activate/node_modules/jest-circus/build/legacy-code-todo-rewrite/jestAdapterInit.js:120:21)\n    at jestAdapter (/home/shai/Repos/bootcamp-loops/activate/node_modules/jest-circus/build/legacy-code-todo-rewrite/jestAdapter.js:79:19)\n    at runTestInternal (/home/shai/Repos/bootcamp-loops/activate/node_modules/jest-runner/build/runTest.js:367:16)\n    at runTest (/home/shai/Repos/bootcamp-loops/activate/node_modules/jest-runner/build/runTest.js:444:34)"],"fullName":"addNums adds the numbers from 1 to 10","invocations":1,"location":null,"numPassingAsserts":0,"retryReasons":[],"status":"failed","title":"adds the numbers from 1 to 10"}],"failureMessage":"\u001b[1m\u001b[31m  \u001b[1m● \u001b[22m\u001b[1maddNums › adds the numbers from 1 to 10\u001b[39m\u001b[22m\n\n    \u001b[2mexpect(\u001b[22m\u001b[31mreceived\u001b[39m\u001b[2m).\u001b[22mtoBe\u001b[2m(\u001b[22m\u001b[32mexpected\u001b[39m\u001b[2m) // Object.is equality\u001b[22m\n\n    Expected: \u001b[32m55\u001b[39m\n    Received: \u001b[31mundefined\u001b[39m\n\u001b[2m\u001b[22m\n\u001b[2m    \u001b[0m \u001b[90m 4 |\u001b[39m\u001b[0m\u001b[22m\n\u001b[2m    \u001b[0m \u001b[90m 5 |\u001b[39m   test(\u001b[32m'adds the numbers from 1 to 10'\u001b[39m\u001b[33m,\u001b[39m () \u001b[33m=>\u001b[39m {\u001b[0m\u001b[22m\n\u001b[2m    \u001b[0m\u001b[31m\u001b[1m>\u001b[22m\u001b[2m\u001b[39m\u001b[90m 6 |\u001b[39m     expect(addNums(\u001b[35m10\u001b[39m))\u001b[33m.\u001b[39mtoBe(\u001b[35m55\u001b[39m)\u001b[0m\u001b[22m\n\u001b[2m    \u001b[0m \u001b[90m   |\u001b[39m                         \u001b[31m\u001b[1m^\u001b[22m\u001b[2m\u001b[39m\u001b[0m\u001b[22m\n\u001b[2m    \u001b[0m \u001b[90m 7 |\u001b[39m   })\u001b[0m\u001b[22m\n\u001b[2m    \u001b[0m \u001b[90m 8 |\u001b[39m\u001b[0m\u001b[22m\n\u001b[2m    \u001b[0m \u001b[90m 9 |\u001b[39m })\u001b[0m\u001b[22m\n\u001b[2m\u001b[22m\n\u001b[2m      \u001b[2mat Object.toBe (\u001b[22m\u001b[2m\u001b[0m\u001b[36mtest/basicLoops.test.js\u001b[39m\u001b[0m\u001b[2m:6:25)\u001b[22m\u001b[2m\u001b[22m\n"}],"wasInterrupted":false}